<?xml version="1.0" encoding="UTF-8"?>
<testng-results skipped="0" failed="0" ignored="0" total="1" passed="1">
  <reporter-output>
  </reporter-output>
  <suite name="Default suite" duration-ms="15870" started-at="2017-07-24T17:43:56Z" finished-at="2017-07-24T17:44:12Z">
    <groups>
    </groups>
    <test name="Default test" duration-ms="15870" started-at="2017-07-24T17:43:56Z" finished-at="2017-07-24T17:44:12Z">
      <class name="testCases.BuyGiftForHim_TC_v2">
        <test-method status="PASS" signature="beforeMethod()[pri:0, instance:testCases.BuyGiftForHim_TC_v2@643b1d11]" name="beforeMethod" is-config="true" duration-ms="13252" started-at="2017-07-24T20:43:56Z" finished-at="2017-07-24T20:44:09Z">
          <reporter-output>
          </reporter-output>
        </test-method> <!-- beforeMethod -->
        <test-method status="PASS" signature="main()[pri:0, instance:testCases.BuyGiftForHim_TC_v2@643b1d11]" name="main" duration-ms="2586" started-at="2017-07-24T20:44:09Z" finished-at="2017-07-24T20:44:12Z">
          <reporter-output>
          </reporter-output>
        </test-method> <!-- main -->
        <test-method status="PASS" signature="afterMethod()[pri:0, instance:testCases.BuyGiftForHim_TC_v2@643b1d11]" name="afterMethod" is-config="true" duration-ms="0" started-at="2017-07-24T20:44:12Z" finished-at="2017-07-24T20:44:12Z">
          <reporter-output>
          </reporter-output>
        </test-method> <!-- afterMethod -->
        <test-method status="PASS" signature="tearDown()[pri:0, instance:testCases.BuyGiftForHim_TC_v2@643b1d11]" name="tearDown" is-config="true" duration-ms="3493" started-at="2017-07-24T20:44:12Z" finished-at="2017-07-24T20:44:16Z">
          <reporter-output>
          </reporter-output>
        </test-method> <!-- tearDown -->
      </class> <!-- testCases.BuyGiftForHim_TC_v2 -->
    </test> <!-- Default test -->
  </suite> <!-- Default suite -->
</testng-results>
